<?xml version="1.0" encoding="UTF-8"?>
<testsuite xmlns:xsi="http://www.w3.org/2001/XMLSchema-instance" xsi:noNamespaceSchemaLocation="https://maven.apache.org/surefire/maven-surefire-plugin/xsd/surefire-test-report-3.0.xsd" version="3.0" name="com.company.performance.domain.aggregate.reviewcycle.ReviewCycleTest" time="0.14" tests="33" errors="0" skipped="0" failures="0">
  <properties>
[...]
</properties>
  <testcase name="shouldCalculateAverageScoreAcrossParticipants" classname="com.company.performance.domain.aggregate.reviewcycle.ReviewCycleTest" time="0.037"/>
  <testcase name="shouldRejectDuplicateSelfAssessmentSubmission" classname="com.company.performance.domain.aggregate.reviewcycle.ReviewCycleTest" time="0.004"/>
  <testcase name="shouldHaveImmutableFinalScore" classname="com.company.performance.domain.aggregate.reviewcycle.ReviewCycleTest" time="0.002"/>
  <testcase name="shouldNotAllowTransitionFromCompletedState" classname="com.company.performance.domain.aggregate.reviewcycle.ReviewCycleTest" time="0.004"/>
  <testcase name="shouldRejectSelfAssessmentWithEmptyKpiScores" classname="com.company.performance.domain.aggregate.reviewcycle.ReviewCycleTest" time="0.002"/>
  <testcase name="shouldRejectDuplicateManagerAssessment" classname="com.company.performance.domain.aggregate.reviewcycle.ReviewCycleTest" time="0.0"/>
  <testcase name="shouldRejectCompletionOfAlreadyCompletedCycle" classname="com.company.performance.domain.aggregate.reviewcycle.ReviewCycleTest" time="0.0"/>
  <testcase name="shouldCompleteCycleWithAllParticipantsAssessed" classname="com.company.performance.domain.aggregate.reviewcycle.ReviewCycleTest" time="0.017"/>
  <testcase name="shouldSubmitValidManagerAssessment" classname="com.company.performance.domain.aggregate.reviewcycle.ReviewCycleTest" time="0.004"/>
  <testcase name="shouldCreateReviewCycleCompletedEventWithCorrectStructure" classname="com.company.performance.domain.aggregate.reviewcycle.ReviewCycleTest" time="0.002"/>
  <testcase name="shouldRejectManagerAssessmentWithEmptyKpiScores" classname="com.company.performance.domain.aggregate.reviewcycle.ReviewCycleTest" time="0.001"/>
  <testcase name="shouldClearEventsAfterRetrieval" classname="com.company.performance.domain.aggregate.reviewcycle.ReviewCycleTest" time="0.0"/>
  <testcase name="shouldTransitionFromActiveToInProgress" classname="com.company.performance.domain.aggregate.reviewcycle.ReviewCycleTest" time="0.0"/>
  <testcase name="shouldTransitionFromInProgressToCompleted" classname="com.company.performance.domain.aggregate.reviewcycle.ReviewCycleTest" time="0.0"/>
  <testcase name="shouldSubmitSelfAssessmentWithMultipleKpiScores" classname="com.company.performance.domain.aggregate.reviewcycle.ReviewCycleTest" time="0.011"/>
  <testcase name="shouldCreateReviewCycleWithValidData" classname="com.company.performance.domain.aggregate.reviewcycle.ReviewCycleTest" time="0.0"/>
  <testcase name="shouldRejectCycleWithEndDateBeforeStartDate" classname="com.company.performance.domain.aggregate.reviewcycle.ReviewCycleTest" time="0.005"/>
  <testcase name="shouldCreateReviewCycleWithParticipants" classname="com.company.performance.domain.aggregate.reviewcycle.ReviewCycleTest" time="0.0"/>
  <testcase name="shouldCreateManagerAssessmentSubmittedEventWithCorrectStructure" classname="com.company.performance.domain.aggregate.reviewcycle.ReviewCycleTest" time="0.003"/>
  <testcase name="shouldRejectCompletionWithPendingParticipants" classname="com.company.performance.domain.aggregate.reviewcycle.ReviewCycleTest" time="0.0"/>
  <testcase name="shouldAccumulateMultipleEvents" classname="com.company.performance.domain.aggregate.reviewcycle.ReviewCycleTest" time="0.005"/>
  <testcase name="shouldStoreManagerOverallComments" classname="com.company.performance.domain.aggregate.reviewcycle.ReviewCycleTest" time="0.0"/>
  <testcase name="shouldRoundFinalScoreTo2DecimalPlaces" classname="com.company.performance.domain.aggregate.reviewcycle.ReviewCycleTest" time="0.0"/>
  <testcase name="shouldSubmitSelfAssessmentWithExtraMileEfforts" classname="com.company.performance.domain.aggregate.reviewcycle.ReviewCycleTest" time="0.001"/>
  <testcase name="shouldCalculateFinalScoreCorrectly" classname="com.company.performance.domain.aggregate.reviewcycle.ReviewCycleTest" time="0.0"/>
  <testcase name="shouldUpdateCycleStatusToInProgressOnFirstSelfAssessment" classname="com.company.performance.domain.aggregate.reviewcycle.ReviewCycleTest" time="0.0"/>
  <testcase name="shouldRejectCycleWithNullName" classname="com.company.performance.domain.aggregate.reviewcycle.ReviewCycleTest" time="0.0"/>
  <testcase name="shouldRejectSelfAssessmentForCompletedCycle" classname="com.company.performance.domain.aggregate.reviewcycle.ReviewCycleTest" time="0.0"/>
  <testcase name="shouldRejectCycleWithEmptyName" classname="com.company.performance.domain.aggregate.reviewcycle.ReviewCycleTest" time="0.0"/>
  <testcase name="shouldRejectSelfAssessmentForNonExistentParticipant" classname="com.company.performance.domain.aggregate.reviewcycle.ReviewCycleTest" time="0.0"/>
  <testcase name="shouldRequireSelfAssessmentBeforeManagerAssessment" classname="com.company.performance.domain.aggregate.reviewcycle.ReviewCycleTest" time="0.002"/>
  <testcase name="shouldCreateSelfAssessmentSubmittedEventWithCorrectStructure" classname="com.company.performance.domain.aggregate.reviewcycle.ReviewCycleTest" time="0.004"/>
  <testcase name="shouldSubmitValidSelfAssessment" classname="com.company.performance.domain.aggregate.reviewcycle.ReviewCycleTest" time="0.0"/>
</testsuite>